This is pdfTeX, Version 3.141592653-2.6-1.40.25 (MiKTeX 23.10) (preloaded format=pdflatex 2023.11.18)  29 NOV 2023 15:56
entering extended mode
 restricted \write18 enabled.
 %&-line parsing enabled.
**./main.tex
(main.tex
LaTeX2e <2023-06-01> patch level 1
L3 programming layer <2023-08-29>
(C:\Users\David\AppData\Local\Programs\MiKTeX\tex/latex/base\article.cls
Document Class: article 2023/05/17 v1.4n Standard LaTeX document class
(C:\Users\David\AppData\Local\Programs\MiKTeX\tex/latex/base\size10.clo
File: size10.clo 2023/05/17 v1.4n Standard LaTeX file (size option)
)
\c@part=\count185
\c@section=\count186
\c@subsection=\count187
\c@subsubsection=\count188
\c@paragraph=\count189
\c@subparagraph=\count190
\c@figure=\count191
\c@table=\count192
\abovecaptionskip=\skip48
\belowcaptionskip=\skip49
\bibindent=\dimen140
)
(C:\Users\David\AppData\Local\Programs\MiKTeX\tex/latex/graphics\graphicx.sty
Package: graphicx 2021/09/16 v1.2d Enhanced LaTeX Graphics (DPC,SPQR)

(C:\Users\David\AppData\Local\Programs\MiKTeX\tex/latex/graphics\keyval.sty
Package: keyval 2022/05/29 v1.15 key=value parser (DPC)
\KV@toks@=\toks17
)
(C:\Users\David\AppData\Local\Programs\MiKTeX\tex/latex/graphics\graphics.sty
Package: graphics 2022/03/10 v1.4e Standard LaTeX Graphics (DPC,SPQR)

(C:\Users\David\AppData\Local\Programs\MiKTeX\tex/latex/graphics\trig.sty
Package: trig 2021/08/11 v1.11 sin cos tan (DPC)
)
(C:\Users\David\AppData\Local\Programs\MiKTeX\tex/latex/graphics-cfg\graphics.c
fg
File: graphics.cfg 2016/06/04 v1.11 sample graphics configuration
)
Package graphics Info: Driver file: pdftex.def on input line 107.

(C:\Users\David\AppData\Local\Programs\MiKTeX\tex/latex/graphics-def\pdftex.def
File: pdftex.def 2022/09/22 v1.2b Graphics/color driver for pdftex
))
\Gin@req@height=\dimen141
\Gin@req@width=\dimen142
)
(C:\Users\David\AppData\Local\Programs\MiKTeX\tex/latex/geometry\geometry.sty
Package: geometry 2020/01/02 v5.9 Page Geometry

(C:\Users\David\AppData\Local\Programs\MiKTeX\tex/generic/iftex\ifvtex.sty
Package: ifvtex 2019/10/25 v1.7 ifvtex legacy package. Use iftex instead.

(C:\Users\David\AppData\Local\Programs\MiKTeX\tex/generic/iftex\iftex.sty
Package: iftex 2022/02/03 v1.0f TeX engine tests
))
\Gm@cnth=\count193
\Gm@cntv=\count194
\c@Gm@tempcnt=\count195
\Gm@bindingoffset=\dimen143
\Gm@wd@mp=\dimen144
\Gm@odd@mp=\dimen145
\Gm@even@mp=\dimen146
\Gm@layoutwidth=\dimen147
\Gm@layoutheight=\dimen148
\Gm@layouthoffset=\dimen149
\Gm@layoutvoffset=\dimen150
\Gm@dimlist=\toks18

(C:\Users\David\AppData\Local\Programs\MiKTeX\tex/latex/geometry\geometry.cfg))

(C:\Users\David\AppData\Local\Programs\MiKTeX\tex/latex/mathtools\mathtools.sty
Package: mathtools 2022/06/29 v1.29 mathematical typesetting tools
(C:\Users\David\AppData\Local\Programs\MiKTeX\tex/latex/tools\calc.sty
Package: calc 2017/05/25 v4.3 Infix arithmetic (KKT,FJ)
\calc@Acount=\count196
\calc@Bcount=\count197
\calc@Adimen=\dimen151
\calc@Bdimen=\dimen152
\calc@Askip=\skip50
\calc@Bskip=\skip51
LaTeX Info: Redefining \setlength on input line 80.
LaTeX Info: Redefining \addtolength on input line 81.
\calc@Ccount=\count198
\calc@Cskip=\skip52
)
(C:\Users\David\AppData\Local\Programs\MiKTeX\tex/latex/mathtools\mhsetup.sty
Package: mhsetup 2021/03/18 v1.4 programming setup (MH)
)
(C:\Users\David\AppData\Local\Programs\MiKTeX\tex/latex/amsmath\amsmath.sty
Package: amsmath 2023/05/13 v2.17o AMS math features
\@mathmargin=\skip53

For additional information on amsmath, use the `?' option.
(C:\Users\David\AppData\Local\Programs\MiKTeX\tex/latex/amsmath\amstext.sty
Package: amstext 2021/08/26 v2.01 AMS text

(C:\Users\David\AppData\Local\Programs\MiKTeX\tex/latex/amsmath\amsgen.sty
File: amsgen.sty 1999/11/30 v2.0 generic functions
\@emptytoks=\toks19
\ex@=\dimen153
))
(C:\Users\David\AppData\Local\Programs\MiKTeX\tex/latex/amsmath\amsbsy.sty
Package: amsbsy 1999/11/29 v1.2d Bold Symbols
\pmbraise@=\dimen154
)
(C:\Users\David\AppData\Local\Programs\MiKTeX\tex/latex/amsmath\amsopn.sty
Package: amsopn 2022/04/08 v2.04 operator names
)
\inf@bad=\count199
LaTeX Info: Redefining \frac on input line 234.
\uproot@=\count266
\leftroot@=\count267
LaTeX Info: Redefining \overline on input line 399.
LaTeX Info: Redefining \colon on input line 410.
\classnum@=\count268
\DOTSCASE@=\count269
LaTeX Info: Redefining \ldots on input line 496.
LaTeX Info: Redefining \dots on input line 499.
LaTeX Info: Redefining \cdots on input line 620.
\Mathstrutbox@=\box51
\strutbox@=\box52
LaTeX Info: Redefining \big on input line 722.
LaTeX Info: Redefining \Big on input line 723.
LaTeX Info: Redefining \bigg on input line 724.
LaTeX Info: Redefining \Bigg on input line 725.
\big@size=\dimen155
LaTeX Font Info:    Redeclaring font encoding OML on input line 743.
LaTeX Font Info:    Redeclaring font encoding OMS on input line 744.
\macc@depth=\count270
LaTeX Info: Redefining \bmod on input line 905.
LaTeX Info: Redefining \pmod on input line 910.
LaTeX Info: Redefining \smash on input line 940.
LaTeX Info: Redefining \relbar on input line 970.
LaTeX Info: Redefining \Relbar on input line 971.
\c@MaxMatrixCols=\count271
\dotsspace@=\muskip16
\c@parentequation=\count272
\dspbrk@lvl=\count273
\tag@help=\toks20
\row@=\count274
\column@=\count275
\maxfields@=\count276
\andhelp@=\toks21
\eqnshift@=\dimen156
\alignsep@=\dimen157
\tagshift@=\dimen158
\tagwidth@=\dimen159
\totwidth@=\dimen160
\lineht@=\dimen161
\@envbody=\toks22
\multlinegap=\skip54
\multlinetaggap=\skip55
\mathdisplay@stack=\toks23
LaTeX Info: Redefining \[ on input line 2953.
LaTeX Info: Redefining \] on input line 2954.
)
\g_MT_multlinerow_int=\count277
\l_MT_multwidth_dim=\dimen162
\origjot=\skip56
\l_MT_shortvdotswithinadjustabove_dim=\dimen163
\l_MT_shortvdotswithinadjustbelow_dim=\dimen164
\l_MT_above_intertext_sep=\dimen165
\l_MT_below_intertext_sep=\dimen166
\l_MT_above_shortintertext_sep=\dimen167
\l_MT_below_shortintertext_sep=\dimen168
\xmathstrut@box=\box53
\xmathstrut@dim=\dimen169
)
(C:\Users\David\AppData\Local\Programs\MiKTeX\tex/latex/wrapfig\wrapfig.sty
\wrapoverhang=\dimen170
\WF@size=\dimen171
\c@WF@wrappedlines=\count278
\WF@box=\box54
\WF@everypar=\toks24
Package: wrapfig 2003/01/31  v 3.6
)
(C:\Users\David\AppData\Local\Programs\MiKTeX\tex/latex/lipsum\lipsum.sty
(C:\Users\David\AppData\Local\Programs\MiKTeX\tex/latex/l3packages/l3keys2e\l3k
eys2e.sty
(C:\Users\David\AppData\Local\Programs\MiKTeX\tex/latex/l3kernel\expl3.sty
Package: expl3 2023-08-29 L3 programming layer (loader) 

(C:\Users\David\AppData\Local\Programs\MiKTeX\tex/latex/l3backend\l3backend-pdf
tex.def
File: l3backend-pdftex.def 2023-04-19 L3 backend support: PDF output (pdfTeX)
\l__color_backend_stack_int=\count279
\l__pdf_internal_box=\box55
))
Package: l3keys2e 2023-08-29 LaTeX2e option processing using LaTeX3 keys
)
Package: lipsum 2021-09-20 v2.7 150 paragraphs of Lorem Ipsum dummy text
\g__lipsum_par_int=\count280
\l__lipsum_a_int=\count281
\l__lipsum_b_int=\count282

(C:\Users\David\AppData\Local\Programs\MiKTeX\tex/latex/lipsum\lipsum.ltd.tex))
(C:\Users\David\AppData\Local\Programs\MiKTeX\tex/latex/xcolor\xcolor.sty
Package: xcolor 2022/06/12 v2.14 LaTeX color extensions (UK)

(C:\Users\David\AppData\Local\Programs\MiKTeX\tex/latex/graphics-cfg\color.cfg
File: color.cfg 2016/01/02 v1.6 sample color configuration
)
Package xcolor Info: Driver file: pdftex.def on input line 227.
(C:\Users\David\AppData\Local\Programs\MiKTeX\tex/latex/graphics\mathcolor.ltx)
Package xcolor Info: Model `cmy' substituted by `cmy0' on input line 1353.
Package xcolor Info: Model `hsb' substituted by `rgb' on input line 1357.
Package xcolor Info: Model `RGB' extended on input line 1369.
Package xcolor Info: Model `HTML' substituted by `rgb' on input line 1371.
Package xcolor Info: Model `Hsb' substituted by `hsb' on input line 1372.
Package xcolor Info: Model `tHsb' substituted by `hsb' on input line 1373.
Package xcolor Info: Model `HSB' substituted by `hsb' on input line 1374.
Package xcolor Info: Model `Gray' substituted by `gray' on input line 1375.
Package xcolor Info: Model `wave' substituted by `hsb' on input line 1376.
(C:\Users\David\AppData\Local\Programs\MiKTeX\tex/latex/graphics\dvipsnam.def
File: dvipsnam.def 2016/06/17 v3.0m Driver-dependent file (DPC,SPQR)
)) (C:\Users\David\AppData\Local\Programs\MiKTeX\tex/latex/tools\multicol.sty
Package: multicol 2023/03/30 v1.9f multicolumn formatting (FMi)
\c@tracingmulticols=\count283
\mult@box=\box56
\multicol@leftmargin=\dimen172
\c@unbalance=\count284
\c@collectmore=\count285
\doublecol@number=\count286
\multicoltolerance=\count287
\multicolpretolerance=\count288
\full@width=\dimen173
\page@free=\dimen174
\premulticols=\dimen175
\postmulticols=\dimen176
\multicolsep=\skip57
\multicolbaselineskip=\skip58
\partial@page=\box57
\last@line=\box58
\mc@boxedresult=\box59
\maxbalancingoverflow=\dimen177
\mult@rightbox=\box60
\mult@grightbox=\box61
\mult@firstbox=\box62
\mult@gfirstbox=\box63
\@tempa=\box64
\@tempa=\box65
\@tempa=\box66
\@tempa=\box67
\@tempa=\box68
\@tempa=\box69
\@tempa=\box70
\@tempa=\box71
\@tempa=\box72
\@tempa=\box73
\@tempa=\box74
\@tempa=\box75
\@tempa=\box76
\@tempa=\box77
\@tempa=\box78
\@tempa=\box79
\@tempa=\box80
\@tempa=\box81
\@tempa=\box82
\@tempa=\box83
\@tempa=\box84
\@tempa=\box85
\@tempa=\box86
\@tempa=\box87
\@tempa=\box88
\@tempa=\box89
\@tempa=\box90
\@tempa=\box91
\@tempa=\box92
\@tempa=\box93
\@tempa=\box94
\@tempa=\box95
\@tempa=\box96
\@tempa=\box97
\@tempa=\box98
\@tempa=\box99
\c@minrows=\count289
\c@columnbadness=\count290
\c@finalcolumnbadness=\count291
\last@try=\dimen178
\multicolovershoot=\dimen179
\multicolundershoot=\dimen180
\mult@nat@firstbox=\box100
\colbreak@box=\box101
\mc@col@check@num=\count292
)
(C:\Users\David\AppData\Local\Programs\MiKTeX\tex/generic/babel\babel.sty
Package: babel 2023/09/29 v3.95 The Babel package
\babel@savecnt=\count293
\U@D=\dimen181
\l@unhyphenated=\language79

(C:\Users\David\AppData\Local\Programs\MiKTeX\tex/generic/babel\txtbabel.def)
\bbl@readstream=\read2
\bbl@dirlevel=\count294

*************************************
* Local config file bblopts.cfg used
*
(C:\Users\David\AppData\Local\Programs\MiKTeX\tex/latex/arabi\bblopts.cfg
File: bblopts.cfg 2005/09/08 v0.1 add Arabic and Farsi to "declared" options of
 babel
)
(C:\Users\David\AppData\Local\Programs\MiKTeX\tex/latex/babel-italian\italian.l
df
Language: italian 2022/03/27 v.1.4.07 Italian support for the babel system
\it@lettering=\count295
\it@doublequoteactive=\count296
\it@ISOcompliance=\count297
))
(C:\Users\David\AppData\Local\Programs\MiKTeX\tex/generic/babel/locale/it\babel
-italian.tex
Package babel Info: Importing font and identification data for italian
(babel)             from babel-it.ini. Reported on input line 11.
)
(C:\Users\David\AppData\Local\Programs\MiKTeX\tex/latex/etoolbox\etoolbox.sty
Package: etoolbox 2020/10/05 v2.5k e-TeX tools for LaTeX (JAW)
\etb@tempcnta=\count298
)
(C:\Users\David\AppData\Local\Programs\MiKTeX\tex/latex/hyperref\hyperref.sty
Package: hyperref 2023-07-08 v7.01b Hypertext links for LaTeX

(C:\Users\David\AppData\Local\Programs\MiKTeX\tex/generic/ltxcmds\ltxcmds.sty
Package: ltxcmds 2020-05-10 v1.25 LaTeX kernel commands for general use (HO)
)
(C:\Users\David\AppData\Local\Programs\MiKTeX\tex/generic/pdftexcmds\pdftexcmds
.sty
Package: pdftexcmds 2020-06-27 v0.33 Utility functions of pdfTeX for LuaTeX (HO
)

(C:\Users\David\AppData\Local\Programs\MiKTeX\tex/generic/infwarerr\infwarerr.s
ty
Package: infwarerr 2019/12/03 v1.5 Providing info/warning/error messages (HO)
)
Package pdftexcmds Info: \pdf@primitive is available.
Package pdftexcmds Info: \pdf@ifprimitive is available.
Package pdftexcmds Info: \pdfdraftmode found.
)
(C:\Users\David\AppData\Local\Programs\MiKTeX\tex/latex/kvsetkeys\kvsetkeys.sty
Package: kvsetkeys 2022-10-05 v1.19 Key value parser (HO)
)
(C:\Users\David\AppData\Local\Programs\MiKTeX\tex/generic/kvdefinekeys\kvdefine
keys.sty
Package: kvdefinekeys 2019-12-19 v1.6 Define keys (HO)
)
(C:\Users\David\AppData\Local\Programs\MiKTeX\tex/generic/pdfescape\pdfescape.s
ty
Package: pdfescape 2019/12/09 v1.15 Implements pdfTeX's escape features (HO)
) (C:\Users\David\AppData\Local\Programs\MiKTeX\tex/latex/hycolor\hycolor.sty
Package: hycolor 2020-01-27 v1.10 Color options for hyperref/bookmark (HO)
)
(C:\Users\David\AppData\Local\Programs\MiKTeX\tex/latex/letltxmacro\letltxmacro
.sty
Package: letltxmacro 2019/12/03 v1.6 Let assignment for LaTeX macros (HO)
)
(C:\Users\David\AppData\Local\Programs\MiKTeX\tex/latex/auxhook\auxhook.sty
Package: auxhook 2019-12-17 v1.6 Hooks for auxiliary files (HO)
)
(C:\Users\David\AppData\Local\Programs\MiKTeX\tex/latex/hyperref\nameref.sty
Package: nameref 2023-08-07 v2.53 Cross-referencing by name of section

(C:\Users\David\AppData\Local\Programs\MiKTeX\tex/latex/refcount\refcount.sty
Package: refcount 2019/12/15 v3.6 Data extraction from label references (HO)
)
(C:\Users\David\AppData\Local\Programs\MiKTeX\tex/generic/gettitlestring\gettit
lestring.sty
Package: gettitlestring 2019/12/15 v1.6 Cleanup title references (HO)

(C:\Users\David\AppData\Local\Programs\MiKTeX\tex/latex/kvoptions\kvoptions.sty
Package: kvoptions 2022-06-15 v3.15 Key value format for package options (HO)
))
\c@section@level=\count299
)
\@linkdim=\dimen182
\Hy@linkcounter=\count300
\Hy@pagecounter=\count301
 (C:\Users\David\AppData\Local\Programs\MiKTeX\tex/latex/hyperref\pd1enc.def
File: pd1enc.def 2023-07-08 v7.01b Hyperref: PDFDocEncoding definition (HO)
Now handling font encoding PD1 ...
... no UTF-8 mapping file for font encoding PD1
) (C:\Users\David\AppData\Local\Programs\MiKTeX\tex/generic/intcalc\intcalc.sty
Package: intcalc 2019/12/15 v1.3 Expandable calculations with integers (HO)
)
\Hy@SavedSpaceFactor=\count302
 (C:\Users\David\AppData\Local\Programs\MiKTeX\tex/latex/hyperref\puenc.def
File: puenc.def 2023-07-08 v7.01b Hyperref: PDF Unicode definition (HO)
Now handling font encoding PU ...
... no UTF-8 mapping file for font encoding PU
)
Package hyperref Info: Hyper figures OFF on input line 4167.
Package hyperref Info: Link nesting OFF on input line 4172.
Package hyperref Info: Hyper index ON on input line 4175.
Package hyperref Info: Plain pages OFF on input line 4182.
Package hyperref Info: Backreferencing OFF on input line 4187.
Package hyperref Info: Implicit mode ON; LaTeX internals redefined.
Package hyperref Info: Bookmarks ON on input line 4434.
\c@Hy@tempcnt=\count303

(C:\Users\David\AppData\Local\Programs\MiKTeX\tex/latex/url\url.sty
\Urlmuskip=\muskip17
Package: url 2013/09/16  ver 3.4  Verb mode for urls, etc.
)
LaTeX Info: Redefining \url on input line 4772.
\XeTeXLinkMargin=\dimen183

(C:\Users\David\AppData\Local\Programs\MiKTeX\tex/generic/bitset\bitset.sty
Package: bitset 2019/12/09 v1.3 Handle bit-vector datatype (HO)

(C:\Users\David\AppData\Local\Programs\MiKTeX\tex/generic/bigintcalc\bigintcalc
.sty
Package: bigintcalc 2019/12/15 v1.5 Expandable calculations on big integers (HO
)
))
\Fld@menulength=\count304
\Field@Width=\dimen184
\Fld@charsize=\dimen185
Package hyperref Info: Hyper figures OFF on input line 6051.
Package hyperref Info: Link nesting OFF on input line 6056.
Package hyperref Info: Hyper index ON on input line 6059.
Package hyperref Info: backreferencing OFF on input line 6066.
Package hyperref Info: Link coloring OFF on input line 6071.
Package hyperref Info: Link coloring with OCG OFF on input line 6076.
Package hyperref Info: PDF/A mode OFF on input line 6081.

(C:\Users\David\AppData\Local\Programs\MiKTeX\tex/latex/base\atbegshi-ltx.sty
Package: atbegshi-ltx 2021/01/10 v1.0c Emulation of the original atbegshi
package with kernel methods
)
\Hy@abspage=\count305
\c@Item=\count306
\c@Hfootnote=\count307
)
Package hyperref Info: Driver (autodetected): hpdftex.
(C:\Users\David\AppData\Local\Programs\MiKTeX\tex/latex/hyperref\hpdftex.def
File: hpdftex.def 2023-07-08 v7.01b Hyperref driver for pdfTeX

(C:\Users\David\AppData\Local\Programs\MiKTeX\tex/latex/base\atveryend-ltx.sty
Package: atveryend-ltx 2020/08/19 v1.0a Emulation of the original atveryend pac
kage
with kernel methods
)
\Fld@listcount=\count308
\c@bookmark@seq@number=\count309

(C:\Users\David\AppData\Local\Programs\MiKTeX\tex/latex/rerunfilecheck\rerunfil
echeck.sty
Package: rerunfilecheck 2022-07-10 v1.10 Rerun checks for auxiliary files (HO)

(C:\Users\David\AppData\Local\Programs\MiKTeX\tex/generic/uniquecounter\uniquec
ounter.sty
Package: uniquecounter 2019/12/15 v1.4 Provide unlimited unique counter (HO)
)
Package uniquecounter Info: New unique counter `rerunfilecheck' on input line 2
85.
)
\Hy@SectionHShift=\skip59
)
(C:\Users\David\AppData\Local\Programs\MiKTeX\tex/latex/listings\listings.sty
\lst@mode=\count310
\lst@gtempboxa=\box102
\lst@token=\toks25
\lst@length=\count311
\lst@currlwidth=\dimen186
\lst@column=\count312
\lst@pos=\count313
\lst@lostspace=\dimen187
\lst@width=\dimen188
\lst@newlines=\count314
\lst@lineno=\count315
\lst@maxwidth=\dimen189

(C:\Users\David\AppData\Local\Programs\MiKTeX\tex/latex/listings\lstmisc.sty
File: lstmisc.sty 2023/02/27 1.9 (Carsten Heinz)
\c@lstnumber=\count316
\lst@skipnumbers=\count317
\lst@framebox=\box103
)
(C:\Users\David\AppData\Local\Programs\MiKTeX\tex/latex/listings\listings.cfg
File: listings.cfg 2023/02/27 1.9 listings configuration
))
Package: listings 2023/02/27 1.9 (Carsten Heinz)
(C:\Users\David\AppData\Local\Programs\MiKTeX\tex/latex/caption\subcaption.sty
Package: subcaption 2023/07/28 v1.6b Sub-captions (AR)

(C:\Users\David\AppData\Local\Programs\MiKTeX\tex/latex/caption\caption.sty
Package: caption 2023/08/05 v3.6o Customizing captions (AR)

(C:\Users\David\AppData\Local\Programs\MiKTeX\tex/latex/caption\caption3.sty
Package: caption3 2023/07/31 v2.4d caption3 kernel (AR)
\caption@tempdima=\dimen190
\captionmargin=\dimen191
\caption@leftmargin=\dimen192
\caption@rightmargin=\dimen193
\caption@width=\dimen194
\caption@indent=\dimen195
\caption@parindent=\dimen196
\caption@hangindent=\dimen197
Package caption Info: Standard document class detected.
)
\c@caption@flags=\count318
\c@continuedfloat=\count319
Package caption Info: hyperref package is loaded.
Package caption Info: listings package is loaded.
Package caption Info: wrapfig package is loaded.
)
Package caption Info: New subtype `subfigure' on input line 238.
\c@subfigure=\count320
Package caption Info: New subtype `subtable' on input line 238.
\c@subtable=\count321
)
(C:\Users\David\AppData\Local\Programs\MiKTeX\tex/latex/algorithmicx\algpseudoc
ode.sty
Package: algpseudocode 
 (C:\Users\David\AppData\Local\Programs\MiKTeX\tex/latex/base\ifthen.sty
Package: ifthen 2022/04/13 v1.1d Standard LaTeX ifthen package (DPC)
)
(C:\Users\David\AppData\Local\Programs\MiKTeX\tex/latex/algorithmicx\algorithmi
cx.sty
Package: algorithmicx 2005/04/27 v1.2 Algorithmicx

Document Style algorithmicx 1.2 - a greatly improved `algorithmic' style
\c@ALG@line=\count322
\c@ALG@rem=\count323
\c@ALG@nested=\count324
\ALG@tlm=\skip60
\ALG@thistlm=\skip61
\c@ALG@Lnr=\count325
\c@ALG@blocknr=\count326
\c@ALG@storecount=\count327
\c@ALG@tmpcounter=\count328
\ALG@tmplength=\skip62
)
Document Style - pseudocode environments for use with the `algorithmicx' style
)
(C:\Users\David\AppData\Local\Programs\MiKTeX\tex/latex/algorithms\algorithm.st
y
Package: algorithm 2009/08/24 v0.1 Document Style `algorithm' - floating enviro
nment
 (C:\Users\David\AppData\Local\Programs\MiKTeX\tex/latex/float\float.sty
Package: float 2001/11/08 v1.3d Float enhancements (AL)
\c@float@type=\count329
\float@exts=\toks26
\float@box=\box104
\@float@everytoks=\toks27
\@floatcapt=\box105
)
\@float@every@algorithm=\toks28
\c@algorithm=\count330
)
Package hyperref Info: Option `colorlinks' set `true' on input line 22.

(C:\Users\David\AppData\Local\Programs\MiKTeX\tex/latex/listings\lstlang1.sty
File: lstlang1.sty 2023/02/27 1.9 listings language file
)
(C:\Users\David\AppData\Local\Programs\MiKTeX\tex/latex/listings\lstmisc.sty
File: lstmisc.sty 2023/02/27 1.9 (Carsten Heinz)
)
(main.aux)
\openout1 = `main.aux'.

LaTeX Font Info:    Checking defaults for OML/cmm/m/it on input line 70.
LaTeX Font Info:    ... okay on input line 70.
LaTeX Font Info:    Checking defaults for OMS/cmsy/m/n on input line 70.
LaTeX Font Info:    ... okay on input line 70.
LaTeX Font Info:    Checking defaults for OT1/cmr/m/n on input line 70.
LaTeX Font Info:    ... okay on input line 70.
LaTeX Font Info:    Checking defaults for T1/cmr/m/n on input line 70.
LaTeX Font Info:    ... okay on input line 70.
LaTeX Font Info:    Checking defaults for TS1/cmr/m/n on input line 70.
LaTeX Font Info:    ... okay on input line 70.
LaTeX Font Info:    Checking defaults for OMX/cmex/m/n on input line 70.
LaTeX Font Info:    ... okay on input line 70.
LaTeX Font Info:    Checking defaults for U/cmr/m/n on input line 70.
LaTeX Font Info:    ... okay on input line 70.
LaTeX Font Info:    Checking defaults for PD1/pdf/m/n on input line 70.
LaTeX Font Info:    ... okay on input line 70.
LaTeX Font Info:    Checking defaults for PU/pdf/m/n on input line 70.
LaTeX Font Info:    ... okay on input line 70.

(C:\Users\David\AppData\Local\Programs\MiKTeX\tex/context/base/mkii\supp-pdf.mk
ii
[Loading MPS to PDF converter (version 2006.09.02).]
\scratchcounter=\count331
\scratchdimen=\dimen198
\scratchbox=\box106
\nofMPsegments=\count332
\nofMParguments=\count333
\everyMPshowfont=\toks29
\MPscratchCnt=\count334
\MPscratchDim=\dimen199
\MPnumerator=\count335
\makeMPintoPDFobject=\count336
\everyMPtoPDFconversion=\toks30
)
(C:\Users\David\AppData\Local\Programs\MiKTeX\tex/latex/epstopdf-pkg\epstopdf-b
ase.sty
Package: epstopdf-base 2020-01-24 v2.11 Base part for package epstopdf
Package epstopdf-base Info: Redefining graphics rule for `.eps' on input line 4
85.

(C:\Users\David\AppData\Local\Programs\MiKTeX\tex/latex/00miktex\epstopdf-sys.c
fg
File: epstopdf-sys.cfg 2021/03/18 v2.0 Configuration of epstopdf for MiKTeX
))
*geometry* driver: auto-detecting
*geometry* detected driver: pdftex
*geometry* verbose mode - [ preamble ] result:
* driver: pdftex
* paper: a4paper
* layout: <same size as paper>
* layoutoffset:(h,v)=(0.0pt,0.0pt)
* modes: 
* h-part:(L,W,R)=(85.35826pt, 426.79135pt, 85.35826pt)
* v-part:(T,H,B)=(71.13188pt, 702.78308pt, 71.13188pt)
* \paperwidth=597.50787pt
* \paperheight=845.04684pt
* \textwidth=426.79135pt
* \textheight=702.78308pt
* \oddsidemargin=13.08827pt
* \evensidemargin=13.08827pt
* \topmargin=-38.1381pt
* \headheight=12.0pt
* \headsep=25.0pt
* \topskip=10.0pt
* \footskip=30.0pt
* \marginparwidth=65.0pt
* \marginparsep=11.0pt
* \columnsep=14.22636pt
* \skip\footins=9.0pt plus 4.0pt minus 2.0pt
* \hoffset=0.0pt
* \voffset=0.0pt
* \mag=1000
* \@twocolumnfalse
* \@twosidefalse
* \@mparswitchfalse
* \@reversemarginfalse
* (1in=72.27pt=25.4mm, 1cm=28.453pt)

LaTeX Info: Redefining \it@ocap on input line 70.
LaTeX Info: Redefining \it@ccap on input line 70.

File italian.ldf warning: 
italian.ldf    With OT1 encoding guillemets are poorly faked
italian.ldf    Use T1 encoding
italian.ldf    or specify a font with command \CaporaliFrom
italian.ldf    See the documentation concerning the babel-italian typesetting 
italian.ldf    on input line 70.

Package hyperref Info: Link coloring ON on input line 70.
(main.out) (main.out)
\@outlinefile=\write3
\openout3 = `main.out'.

\c@lstlisting=\count337
Package caption Info: Begin \AtBeginDocument code.
Package caption Info: float package is loaded.
Package caption Info: End \AtBeginDocument code.
 (main.toc [1

{C:/Users/David/AppData/Local/MiKTeX/fonts/map/pdftex/pdftex.map}])
\tf@toc=\write4
\openout4 = `main.toc'.

 [2]
Underfull \hbox (badness 10000) in paragraph at lines 86--87

 []


Underfull \hbox (badness 10000) in paragraph at lines 96--101

 []

<photo/Minsearch.png, id=264, 444.4605pt x 183.68625pt>
File: photo/Minsearch.png Graphic file (type png)
<use photo/Minsearch.png>
Package pdftex.def Info: photo/Minsearch.png  used on input line 105.
(pdftex.def)             Requested size: 213.39568pt x 88.1908pt.
[3 <./photo/Minsearch.png>]
Underfull \hbox (badness 10000) in paragraph at lines 136--139

 []

[4]
<photo/InsertionSorting.png, id=298, 478.78876pt x 252.945pt>
File: photo/InsertionSorting.png Graphic file (type png)
<use photo/InsertionSorting.png>
Package pdftex.def Info: photo/InsertionSorting.png  used on input line 151.
(pdftex.def)             Requested size: 213.39568pt x 112.73578pt.
<photo/costo_ciclo_annidato.png, id=300, 800.39024pt x 99.9735pt>
File: photo/costo_ciclo_annidato.png Graphic file (type png)
<use photo/costo_ciclo_annidato.png>
Package pdftex.def Info: photo/costo_ciclo_annidato.png  used on input line 177
.
(pdftex.def)             Requested size: 320.0935pt x 39.98105pt.
 [5 <./photo/InsertionSorting.png> <./photo/costo_ciclo_annidato.png>]
File: photo/InsertionSorting.png Graphic file (type png)
<use photo/InsertionSorting.png>
Package pdftex.def Info: photo/InsertionSorting.png  used on input line 184.
(pdftex.def)             Requested size: 213.39568pt x 112.73578pt.
<photo/BinarySearch.png, id=313, 669.702pt x 249.93375pt>
File: photo/BinarySearch.png Graphic file (type png)
<use photo/BinarySearch.png>
Package pdftex.def Info: photo/BinarySearch.png  used on input line 199.
(pdftex.def)             Requested size: 320.0935pt x 119.45961pt.

[6 <./photo/BinarySearch.png>]
Overfull \hbox (56.43192pt too wide) in paragraph at lines 259--261
\OT1/cmr/m/n/10 Consente al-l'u-ten-te di me-mo-riz-za-re nu-me-ri mol-to gran-
di da -9223372036854775808 a 9223372036854775807 
 []

[7] [8] [9]
Underfull \hbox (badness 10000) in paragraph at lines 427--431

 []

[10] [11] [12] [13]
Underfull \hbox (badness 10000) in paragraph at lines 583--589

 []


Underfull \hbox (badness 10000) in paragraph at lines 590--596

 []

[14] [15]
<photo/linkedlist.png, id=685, 815.045pt x 221.82875pt>
File: photo/linkedlist.png Graphic file (type png)
<use photo/linkedlist.png>
Package pdftex.def Info: photo/linkedlist.png  used on input line 724.
(pdftex.def)             Requested size: 341.43437pt x 92.92711pt.
<photo/DLL.png, id=686, 682.80093pt x 140.02313pt>
File: photo/DLL.png Graphic file (type png)
<use photo/DLL.png>
Package pdftex.def Info: photo/DLL.png  used on input line 743.
(pdftex.def)             Requested size: 298.75264pt x 61.26637pt.
 [16 <./photo/linkedlist.png> <./photo/DLL.png>] [17]
<photo/lifovsfifo.jpg, id=761, 722.7pt x 582.978pt>
File: photo/lifovsfifo.jpg Graphic file (type jpg)
<use photo/lifovsfifo.jpg>
Package pdftex.def Info: photo/lifovsfifo.jpg  used on input line 822.
(pdftex.def)             Requested size: 213.39568pt x 172.13713pt.
<photo/Queue.png, id=762, 1086.0575pt x 385.44pt>
File: photo/Queue.png Graphic file (type png)
<use photo/Queue.png>
Package pdftex.def Info: photo/Queue.png  used on input line 843.
(pdftex.def)             Requested size: 298.75264pt x 106.02867pt.
 [18 <./photo/lifovsfifo.jpg> <./photo/Queue.png>]
<photo/albero.png, id=770, 812.28468pt x 402.00188pt>
File: photo/albero.png Graphic file (type png)
<use photo/albero.png>
Package pdftex.def Info: photo/albero.png  used on input line 850.
(pdftex.def)             Requested size: 256.07741pt x 126.7294pt.

Underfull \hbox (badness 10000) in paragraph at lines 853--861

 []


Underfull \hbox (badness 10000) in paragraph at lines 853--861

 []


Underfull \hbox (badness 10000) in paragraph at lines 864--871

 []


Underfull \hbox (badness 10000) in paragraph at lines 864--871

 []


Underfull \hbox (badness 10000) in paragraph at lines 874--878

 []

[19 <./photo/albero.png>]
<photo/alberoRN.png, id=778, 856.70062pt x 343.2825pt>
File: photo/alberoRN.png Graphic file (type png)
<use photo/alberoRN.png>
Package pdftex.def Info: photo/alberoRN.png  used on input line 900.
(pdftex.def)             Requested size: 341.43437pt x 136.81294pt.
 [20 <./photo/alberoRN.png>]
<photo/rotazionedx.png, id=785, 588.69937pt x 365.86688pt>
File: photo/rotazionedx.png Graphic file (type png)
<use photo/rotazionedx.png>
Package pdftex.def Info: photo/rotazionedx.png  used on input line 924.
(pdftex.def)             Requested size: 213.39568pt x 132.62195pt.
Package hyperref Info: bookmark level for unknown algorithm defaults to 0 on in
put line 928.
<photo/InserimentoNodoAlbero.png, id=786, 516.42938pt x 213.79875pt>
File: photo/InserimentoNodoAlbero.png Graphic file (type png)
<use photo/InserimentoNodoAlbero.png>
Package pdftex.def Info: photo/InserimentoNodoAlbero.png  used on input line 95
2.
(pdftex.def)             Requested size: 384.1096pt x 159.02415pt.
<photo/balanceinsert.png, id=787, 508.90125pt x 236.38312pt>
File: photo/balanceinsert.png Graphic file (type png)
<use photo/balanceinsert.png>
Package pdftex.def Info: photo/balanceinsert.png  used on input line 956.
(pdftex.def)             Requested size: 384.1096pt x 178.42307pt.
<photo/removeNode.png, id=788, 510.40688pt x 228.10219pt>
File: photo/removeNode.png Graphic file (type png)
<use photo/removeNode.png>
Package pdftex.def Info: photo/removeNode.png  used on input line 960.
(pdftex.def)             Requested size: 384.1096pt x 171.6679pt.
<photo/balanceDelete.png, id=789, 515.67656pt x 240.14719pt>
File: photo/balanceDelete.png Graphic file (type png)
<use photo/balanceDelete.png>
Package pdftex.def Info: photo/balanceDelete.png  used on input line 964.
(pdftex.def)             Requested size: 384.1096pt x 178.88237pt.
 [21 <./photo/rotazionedx.png>]
Overfull \vbox (24.2144pt too high) has occurred while \output is active []


[22 <./photo/InserimentoNodoAlbero.png> <./photo/balanceinsert.png> <./photo/re
moveNode.png> <./photo/balanceDelete.png>]
Underfull \hbox (badness 10000) in paragraph at lines 971--977

 []


Underfull \hbox (badness 10000) in paragraph at lines 978--982

 []

<photo/bubblesort.png, id=807, 502.87875pt x 153.57375pt>
File: photo/bubblesort.png Graphic file (type png)
<use photo/bubblesort.png>
Package pdftex.def Info: photo/bubblesort.png  used on input line 986.
(pdftex.def)             Requested size: 426.79135pt x 130.33676pt.
[23 <./photo/bubblesort.png>]
<photo/insertion.png, id=814, 562.35094pt x 173.89969pt>
File: photo/insertion.png Graphic file (type png)
<use photo/insertion.png>
Package pdftex.def Info: photo/insertion.png  used on input line 1002.
(pdftex.def)             Requested size: 426.79135pt x 131.97937pt.
 [24 <./photo/insertion.png>]
<photo/quickSort.png, id=822, 497.60907pt x 94.10156pt>
File: photo/quickSort.png Graphic file (type png)
<use photo/quickSort.png>
Package pdftex.def Info: photo/quickSort.png  used on input line 1026.
(pdftex.def)             Requested size: 426.79135pt x 80.71037pt.
<photo/pivot.png, id=823, 499.8675pt x 182.93344pt>
File: photo/pivot.png Graphic file (type png)
<use photo/pivot.png>
Package pdftex.def Info: photo/pivot.png  used on input line 1028.
(pdftex.def)             Requested size: 426.79135pt x 156.19476pt.
 [25 <./photo/quickSort.png> <./photo/pivot.png>]
<photo/mergeSort.png, id=832, 499.8675pt x 121.95563pt>
File: photo/mergeSort.png Graphic file (type png)
<use photo/mergeSort.png>
Package pdftex.def Info: photo/mergeSort.png  used on input line 1049.
(pdftex.def)             Requested size: 426.79135pt x 104.12984pt.
<photo/merge.png, id=833, 499.8675pt x 218.31563pt>
File: photo/merge.png Graphic file (type png)
<use photo/merge.png>
Package pdftex.def Info: photo/merge.png  used on input line 1051.
(pdftex.def)             Requested size: 426.79135pt x 186.40527pt.

Underfull \hbox (badness 10000) in paragraph at lines 1055--1062

 []

[26 <./photo/mergeSort.png> <./photo/merge.png>] (main.aux)
 ***********
LaTeX2e <2023-06-01> patch level 1
L3 programming layer <2023-08-29>
 ***********
Package rerunfilecheck Info: File `main.out' has not changed.
(rerunfilecheck)             Checksum: FFC3DAE795C49101CE4882F0C73DAB6D;8364.
 ) 
Here is how much of TeX's memory you used:
 17245 strings out of 475248
 278674 string characters out of 5757812
 2360785 words of memory out of 5000000
 38063 multiletter control sequences out of 15000+600000
 566134 words of font info for 64 fonts, out of 8000000 for 9000
 1141 hyphenation exceptions out of 8191
 79i,11n,93p,704b,1264s stack positions out of 10000i,1000n,20000p,200000b,200000s
 <C:\Users\David\AppData\Local\MiKTeX\fonts/pk/ljfour/jknappen/ec/dpi600\tcrm
1000.pk><C:/Users/David/AppData/Local/Programs/MiKTeX/fonts/type1/public/amsfon
ts/cm/cmbx10.pfb><C:/Users/David/AppData/Local/Programs/MiKTeX/fonts/type1/publ
ic/amsfonts/cm/cmbx12.pfb><C:/Users/David/AppData/Local/Programs/MiKTeX/fonts/t
ype1/public/amsfonts/cm/cmbxti10.pfb><C:/Users/David/AppData/Local/Programs/MiK
TeX/fonts/type1/public/amsfonts/cm/cmcsc10.pfb><C:/Users/David/AppData/Local/Pr
ograms/MiKTeX/fonts/type1/public/amsfonts/cm/cmex10.pfb><C:/Users/David/AppData
/Local/Programs/MiKTeX/fonts/type1/public/amsfonts/cm/cmmi10.pfb><C:/Users/Davi
d/AppData/Local/Programs/MiKTeX/fonts/type1/public/amsfonts/cm/cmmi7.pfb><C:/Us
ers/David/AppData/Local/Programs/MiKTeX/fonts/type1/public/amsfonts/cm/cmr10.pf
b><C:/Users/David/AppData/Local/Programs/MiKTeX/fonts/type1/public/amsfonts/cm/
cmr12.pfb><C:/Users/David/AppData/Local/Programs/MiKTeX/fonts/type1/public/amsf
onts/cm/cmr6.pfb><C:/Users/David/AppData/Local/Programs/MiKTeX/fonts/type1/publ
ic/amsfonts/cm/cmr7.pfb><C:/Users/David/AppData/Local/Programs/MiKTeX/fonts/typ
e1/public/amsfonts/cm/cmr8.pfb><C:/Users/David/AppData/Local/Programs/MiKTeX/fo
nts/type1/public/amsfonts/cm/cmsy10.pfb><C:/Users/David/AppData/Local/Programs/
MiKTeX/fonts/type1/public/amsfonts/cm/cmsy7.pfb><C:/Users/David/AppData/Local/P
rograms/MiKTeX/fonts/type1/public/amsfonts/cm/cmti10.pfb><C:/Users/David/AppDat
a/Local/Programs/MiKTeX/fonts/type1/public/amsfonts/cm/cmtt10.pfb><C:/Users/Dav
id/AppData/Local/Programs/MiKTeX/fonts/type1/public/amsfonts/cm/cmtt8.pfb>
Output written on main.pdf (26 pages, 1868133 bytes).
PDF statistics:
 1019 PDF objects out of 1200 (max. 8388607)
 493 named destinations out of 1000 (max. 500000)
 498 words of extra memory for PDF output out of 10000 (max. 10000000)

